0 info it worked if it ends with ok
1 verbose cli [ 'C:\\Program Files\\iojs\\\\node.exe',
1 verbose cli   'C:\\Program Files\\iojs\\node_modules\\npm\\bin\\npm-cli.js',
1 verbose cli   'install',
1 verbose cli   'webworker-threads',
1 verbose cli   '-msvs_version=2013' ]
2 info using npm@2.4.1
3 info using node@v1.1.0
4 verbose node symlink C:\Program Files\iojs\\node.exe
5 warn package.json MPTanks-MK3@0.0.1 No repository field.
6 warn package.json MPTanks-MK3@0.0.1 No README data
7 silly cache add args [ 'webworker-threads', null ]
8 verbose cache add spec webworker-threads
9 silly cache add parsed spec { raw: 'webworker-threads',
9 silly cache add   scope: null,
9 silly cache add   name: 'webworker-threads',
9 silly cache add   rawSpec: '',
9 silly cache add   spec: '*',
9 silly cache add   type: 'range' }
10 verbose addNamed webworker-threads@*
11 silly addNamed semver.valid null
12 silly addNamed semver.validRange *
13 silly addNameRange { name: 'webworker-threads', range: '*', hasData: false }
14 silly mapToRegistry name webworker-threads
15 silly mapToRegistry using default registry
16 silly mapToRegistry registry https://registry.npmjs.org/
17 silly mapToRegistry uri https://registry.npmjs.org/webworker-threads
18 verbose addNameRange registry:https://registry.npmjs.org/webworker-threads not in flight; fetching
19 verbose request uri https://registry.npmjs.org/webworker-threads
20 verbose request no auth needed
21 info attempt registry request try #1 at 18:06:44
22 verbose request id 339a4678c81830db
23 verbose etag "49CEZCPCMOQTPF9EH8FOTHUC4"
24 http request GET https://registry.npmjs.org/webworker-threads
25 http 304 https://registry.npmjs.org/webworker-threads
26 silly get cb [ 304,
26 silly get   { date: 'Wed, 04 Feb 2015 02:06:52 GMT',
26 silly get     server: 'Apache',
26 silly get     via: '1.1 varnish',
26 silly get     'last-modified': 'Wed, 04 Feb 2015 02:06:52 GMT',
26 silly get     'cache-control': 'max-age=60',
26 silly get     etag: '"49CEZCPCMOQTPF9EH8FOTHUC4"',
26 silly get     age: '0',
26 silly get     'x-served-by': 'cache-lax1421-LAX',
26 silly get     'x-cache': 'MISS',
26 silly get     'x-cache-hits': '0',
26 silly get     'x-timer': 'S1423015612.019887,VS0,VE40',
26 silly get     vary: 'Accept',
26 silly get     'content-length': '0',
26 silly get     'keep-alive': 'timeout=10, max=50',
26 silly get     connection: 'Keep-Alive' } ]
27 verbose etag https://registry.npmjs.org/webworker-threads from cache
28 verbose get saving webworker-threads to C:\Users\Alastair\AppData\Roaming\npm-cache\registry.npmjs.org\webworker-threads\.cache.json
29 silly addNameRange number 2 { name: 'webworker-threads', range: '*', hasData: true }
30 silly addNameRange versions [ 'webworker-threads',
30 silly addNameRange   [ '0.3.0',
30 silly addNameRange     '0.3.1',
30 silly addNameRange     '0.3.2',
30 silly addNameRange     '0.4.0',
30 silly addNameRange     '0.4.1',
30 silly addNameRange     '0.4.2',
30 silly addNameRange     '0.4.3',
30 silly addNameRange     '0.4.4',
30 silly addNameRange     '0.4.5',
30 silly addNameRange     '0.4.6',
30 silly addNameRange     '0.4.7',
30 silly addNameRange     '0.4.8',
30 silly addNameRange     '0.4.9',
30 silly addNameRange     '0.4.10',
30 silly addNameRange     '0.4.11',
30 silly addNameRange     '0.4.12',
30 silly addNameRange     '0.4.13',
30 silly addNameRange     '0.5.1',
30 silly addNameRange     '0.5.2',
30 silly addNameRange     '0.5.3',
30 silly addNameRange     '0.5.5' ] ]
31 verbose addNamed webworker-threads@0.5.5
32 silly addNamed semver.valid 0.5.5
33 silly addNamed semver.validRange 0.5.5
34 silly cache afterAdd webworker-threads@0.5.5
35 verbose afterAdd C:\Users\Alastair\AppData\Roaming\npm-cache\webworker-threads\0.5.5\package\package.json not in flight; writing
36 verbose afterAdd C:\Users\Alastair\AppData\Roaming\npm-cache\webworker-threads\0.5.5\package\package.json written
37 silly install resolved [ { name: 'webworker-threads',
37 silly install resolved     version: '0.5.5',
37 silly install resolved     main: 'build/Release/WebWorkerThreads.node',
37 silly install resolved     description: 'Lightweight Web Worker API implementation with native threads',
37 silly install resolved     keywords: [ 'threads', 'web worker', 'a gogo' ],
37 silly install resolved     author: { name: 'Audrey Tang', email: 'audreyt@audreyt.org' },
37 silly install resolved     homepage: 'https://github.com/audreyt/node-webworker-threads',
37 silly install resolved     bugs:
37 silly install resolved      { url: 'http://github.com/audreyt/node-webworker-threads/issues',
37 silly install resolved        email: 'audreyt@audreyt.org' },
37 silly install resolved     licenses: [ [Object], [Object] ],
37 silly install resolved     repository:
37 silly install resolved      { type: 'git',
37 silly install resolved        url: 'http://github.com/audreyt/node-webworker-threads.git' },
37 silly install resolved     scripts:
37 silly install resolved      { js: 'env PATH=./node_modules/.bin:"$PATH" lsc -cj package.ls;\ngcc deps/minifier/src/minify.c -o deps/minifier/bin/minify;\nenv PATH=./node_modules/.bin:"$PATH" lsc -cbp src/worker.ls                    > src/worker.js;\n./deps/minifier/bin/minify kWorker_js            < src/worker.js          > src/worker.js.c;\nenv PATH=./node_modules/.bin:"$PATH" lsc -cbp src/events.ls                    > src/events.js;\n./deps/minifier/bin/minify kEvents_js            < src/events.js          > src/events.js.c;\nenv PATH=./node_modules/.bin:"$PATH" lsc -cbp src/createPool.ls                > src/createPool.js;\n./deps/minifier/bin/minify kCreatePool_js        < src/createPool.js      > src/createPool.js.c;\nenv PATH=./node_modules/.bin:"$PATH" lsc -cbp src/thread_nextTick.ls           > src/thread_nextTick.js;\n./deps/minifier/bin/minify kThread_nextTick_js 1 < src/thread_nextTick.js > src/thread_nextTick.js.c;\nenv PATH=./node_modules/.bin:"$PATH" lsc -cbp src/load.ls                      > src/load.js;\n./deps/minifier/bin/minify kLoad_js 1 1          < src/load.js            > src/load.js.c;',
37 silly install resolved        install: 'node-gyp rebuild' },
37 silly install resolved     dependencies: { nan: '1.6.x' },
37 silly install resolved     devDependencies: { LiveScript: '1.3.x' },
37 silly install resolved     gypfile: true,
37 silly install resolved     engines: { node: '>= 0.8.0' },
37 silly install resolved     contributors: [ [Object], [Object], [Object], [Object] ],
37 silly install resolved     _id: 'webworker-threads@0.5.5',
37 silly install resolved     _shasum: '9b712dadb2f5014f7bb8db0712fa1a77741701c2',
37 silly install resolved     _resolved: 'https://registry.npmjs.org/webworker-threads/-/webworker-threads-0.5.5.tgz',
37 silly install resolved     _from: 'webworker-threads@*',
37 silly install resolved     _npmVersion: '2.3.0',
37 silly install resolved     _nodeVersion: '0.11.16',
37 silly install resolved     _npmUser: { name: 'au', email: 'audreyt@audreyt.org' },
37 silly install resolved     maintainers: [ [Object] ],
37 silly install resolved     dist:
37 silly install resolved      { shasum: '9b712dadb2f5014f7bb8db0712fa1a77741701c2',
37 silly install resolved        tarball: 'http://registry.npmjs.org/webworker-threads/-/webworker-threads-0.5.5.tgz' },
37 silly install resolved     directories: {},
37 silly install resolved     readme: 'ERROR: No README data found!' } ]
38 info install webworker-threads@0.5.5 into C:\Users\Alastair\Desktop\nwjs-v0.12.0-alpha2-win-x64
39 info installOne webworker-threads@0.5.5
40 verbose installOne of webworker-threads to C:\Users\Alastair\Desktop\nwjs-v0.12.0-alpha2-win-x64 not in flight; installing
41 verbose lock using C:\Users\Alastair\AppData\Roaming\npm-cache\_locks\webworker-threads-2bec831fe649c9b5.lock for C:\Users\Alastair\Desktop\nwjs-v0.12.0-alpha2-win-x64\node_modules\webworker-threads
42 silly install write writing webworker-threads 0.5.5 to C:\Users\Alastair\Desktop\nwjs-v0.12.0-alpha2-win-x64\node_modules\webworker-threads
43 silly cache addNamed cb webworker-threads@0.5.5
44 verbose unbuild node_modules\webworker-threads
45 verbose gentlyRm vacuuming C:\Users\Alastair\Desktop\nwjs-v0.12.0-alpha2-win-x64\node_modules\webworker-threads
46 verbose tar unpack C:\Users\Alastair\AppData\Roaming\npm-cache\webworker-threads\0.5.5\package.tgz
47 verbose tar unpacking to C:\Users\Alastair\Desktop\nwjs-v0.12.0-alpha2-win-x64\node_modules\webworker-threads
48 verbose gentlyRm vacuuming C:\Users\Alastair\Desktop\nwjs-v0.12.0-alpha2-win-x64\node_modules\webworker-threads
49 silly gunzTarPerm modes [ '777', '666' ]
50 silly gunzTarPerm extractEntry package.json
51 silly gunzTarPerm modified mode [ 'package.json', 420, 438 ]
52 silly gunzTarPerm extractEntry .npmignore
53 silly gunzTarPerm modified mode [ '.npmignore', 420, 438 ]
54 silly gunzTarPerm extractEntry README.md
55 silly gunzTarPerm modified mode [ 'README.md', 420, 438 ]
56 silly gunzTarPerm extractEntry LICENSE
57 silly gunzTarPerm modified mode [ 'LICENSE', 420, 438 ]
58 silly gunzTarPerm extractEntry CHANGES.md
59 silly gunzTarPerm modified mode [ 'CHANGES.md', 420, 438 ]
60 silly gunzTarPerm extractEntry TODO.md
61 silly gunzTarPerm modified mode [ 'TODO.md', 420, 438 ]
62 silly gunzTarPerm extractEntry benchmark/b00_fibonacci_server_no_threads.js
63 silly gunzTarPerm modified mode [ 'benchmark/b00_fibonacci_server_no_threads.js', 420, 438 ]
64 silly gunzTarPerm extractEntry benchmark/b01_fibonacci_server_threads.js
65 silly gunzTarPerm modified mode [ 'benchmark/b01_fibonacci_server_threads.js', 420, 438 ]
66 silly gunzTarPerm extractEntry benchmark/b02_fibonacci_server_threads_pool.js
67 silly gunzTarPerm modified mode [ 'benchmark/b02_fibonacci_server_threads_pool.js', 420, 438 ]
68 silly gunzTarPerm extractEntry benchmark/b03_fibonacci_server_clustered.js
69 silly gunzTarPerm modified mode [ 'benchmark/b03_fibonacci_server_clustered.js', 420, 438 ]
70 silly gunzTarPerm extractEntry benchmark/b04_only_quick.js
71 silly gunzTarPerm modified mode [ 'benchmark/b04_only_quick.js', 420, 438 ]
72 silly gunzTarPerm extractEntry benchmark/pi.js
73 silly gunzTarPerm modified mode [ 'benchmark/pi.js', 493, 511 ]
74 silly gunzTarPerm extractEntry benchmark/pi_precompiled.js
75 silly gunzTarPerm modified mode [ 'benchmark/pi_precompiled.js', 420, 438 ]
76 silly gunzTarPerm extractEntry benchmark/doubles.c
77 silly gunzTarPerm modified mode [ 'benchmark/doubles.c', 420, 438 ]
78 silly gunzTarPerm extractEntry benchmark/pi.c
79 silly gunzTarPerm modified mode [ 'benchmark/pi.c', 420, 438 ]
80 silly gunzTarPerm extractEntry benchmark/pi.rb
81 silly gunzTarPerm modified mode [ 'benchmark/pi.rb', 493, 511 ]
82 silly gunzTarPerm extractEntry AUTHORS
83 silly gunzTarPerm modified mode [ 'AUTHORS', 420, 438 ]
84 silly gunzTarPerm extractEntry deps/minifier/bin/minify
85 silly gunzTarPerm modified mode [ 'deps/minifier/bin/minify', 493, 511 ]
86 silly gunzTarPerm extractEntry deps/minifier/src/minify.c
87 silly gunzTarPerm modified mode [ 'deps/minifier/src/minify.c', 420, 438 ]
88 silly gunzTarPerm extractEntry deps/minifier/src/test
89 silly gunzTarPerm modified mode [ 'deps/minifier/src/test', 493, 511 ]
90 silly gunzTarPerm extractEntry deps/minifier/src/test.include.c
91 silly gunzTarPerm modified mode [ 'deps/minifier/src/test.include.c', 420, 438 ]
92 silly gunzTarPerm extractEntry deps/minifier/src/test_minifier.c
93 silly gunzTarPerm modified mode [ 'deps/minifier/src/test_minifier.c', 420, 438 ]
94 silly gunzTarPerm extractEntry examples/demo.js
95 silly gunzTarPerm modified mode [ 'examples/demo.js', 420, 438 ]
96 silly gunzTarPerm extractEntry examples/ex03_ping_pong.js
97 silly gunzTarPerm modified mode [ 'examples/ex03_ping_pong.js', 420, 438 ]
98 silly gunzTarPerm extractEntry examples/quickIntro_multiThread.js
99 silly gunzTarPerm modified mode [ 'examples/quickIntro_multiThread.js', 420, 438 ]
100 silly gunzTarPerm extractEntry examples/ex04_main.js
101 silly gunzTarPerm modified mode [ 'examples/ex04_main.js', 420, 438 ]
102 silly gunzTarPerm extractEntry examples/quickIntro_multiThreadEvented.js
103 silly gunzTarPerm modified mode [ 'examples/quickIntro_multiThreadEvented.js', 420, 438 ]
104 silly gunzTarPerm extractEntry examples/ex04_worker.js
105 silly gunzTarPerm modified mode [ 'examples/ex04_worker.js', 420, 438 ]
106 silly gunzTarPerm extractEntry examples/quickIntro_fiveThreads.js
107 silly gunzTarPerm modified mode [ 'examples/quickIntro_fiveThreads.js', 420, 438 ]
108 silly gunzTarPerm extractEntry examples/ex05_pool.js
109 silly gunzTarPerm modified mode [ 'examples/ex05_pool.js', 420, 438 ]
110 silly gunzTarPerm extractEntry examples/quickIntro_evented_childThreadCode.js
111 silly gunzTarPerm modified mode [ 'examples/quickIntro_evented_childThreadCode.js', 420, 438 ]
112 silly gunzTarPerm extractEntry examples/ex01_basic.js
113 silly gunzTarPerm modified mode [ 'examples/ex01_basic.js', 420, 438 ]
114 silly gunzTarPerm extractEntry examples/ex02_events.js
115 silly gunzTarPerm modified mode [ 'examples/ex02_events.js', 420, 438 ]
116 silly gunzTarPerm extractEntry examples/ex06_jason.js
117 silly gunzTarPerm modified mode [ 'examples/ex06_jason.js', 420, 438 ]
118 silly gunzTarPerm extractEntry examples/quickIntro_oneThread.js
119 silly gunzTarPerm modified mode [ 'examples/quickIntro_oneThread.js', 420, 438 ]
120 silly gunzTarPerm extractEntry examples/quickIntro_blocking.js
121 silly gunzTarPerm modified mode [ 'examples/quickIntro_blocking.js', 420, 438 ]
122 silly gunzTarPerm extractEntry examples/quickIntro_loop.js
123 silly gunzTarPerm modified mode [ 'examples/quickIntro_loop.js', 420, 438 ]
124 silly gunzTarPerm extractEntry examples/quickIntro_oneThreadEvented.js
125 silly gunzTarPerm modified mode [ 'examples/quickIntro_oneThreadEvented.js', 420, 438 ]
126 silly gunzTarPerm extractEntry examples/ex06_complex.js
127 silly gunzTarPerm modified mode [ 'examples/ex06_complex.js', 420, 438 ]
128 silly gunzTarPerm extractEntry examples/fiveThreads.ls
129 silly gunzTarPerm modified mode [ 'examples/fiveThreads.ls', 493, 511 ]
130 silly gunzTarPerm extractEntry examples/multiThreadEvented.ls
131 silly gunzTarPerm modified mode [ 'examples/multiThreadEvented.ls', 493, 511 ]
132 silly gunzTarPerm extractEntry examples/ex06_jason.md
133 silly gunzTarPerm modified mode [ 'examples/ex06_jason.md', 420, 438 ]
134 silly gunzTarPerm extractEntry examples/ex05_pool.md
135 silly gunzTarPerm modified mode [ 'examples/ex05_pool.md', 420, 438 ]
136 silly gunzTarPerm extractEntry examples/ex04_worker.md
137 silly gunzTarPerm modified mode [ 'examples/ex04_worker.md', 420, 438 ]
138 silly gunzTarPerm extractEntry examples/ex04_main.md
139 silly gunzTarPerm modified mode [ 'examples/ex04_main.md', 420, 438 ]
140 silly gunzTarPerm extractEntry examples/ex03_ping_pong.md
141 silly gunzTarPerm modified mode [ 'examples/ex03_ping_pong.md', 420, 438 ]
142 silly gunzTarPerm extractEntry examples/ex02_events.md
143 silly gunzTarPerm modified mode [ 'examples/ex02_events.md', 420, 438 ]
144 silly gunzTarPerm extractEntry examples/ex01_basic.md
145 silly gunzTarPerm modified mode [ 'examples/ex01_basic.md', 420, 438 ]
146 silly gunzTarPerm extractEntry test.ls
147 silly gunzTarPerm modified mode [ 'test.ls', 493, 511 ]
148 silly gunzTarPerm extractEntry package.ls
149 silly gunzTarPerm modified mode [ 'package.ls', 493, 511 ]
150 silly gunzTarPerm extractEntry src/load.js
151 silly gunzTarPerm modified mode [ 'src/load.js', 420, 438 ]
152 silly gunzTarPerm extractEntry src/createPool.js
153 silly gunzTarPerm modified mode [ 'src/createPool.js', 420, 438 ]
154 silly gunzTarPerm extractEntry src/events.js
155 silly gunzTarPerm modified mode [ 'src/events.js', 420, 438 ]
156 silly gunzTarPerm extractEntry src/thread_nextTick.js
157 silly gunzTarPerm modified mode [ 'src/thread_nextTick.js', 420, 438 ]
158 silly gunzTarPerm extractEntry src/worker.js
159 silly gunzTarPerm modified mode [ 'src/worker.js', 420, 438 ]
160 silly gunzTarPerm extractEntry src/createPool.ls
161 silly gunzTarPerm modified mode [ 'src/createPool.ls', 420, 438 ]
162 silly gunzTarPerm extractEntry src/bson.h
163 silly gunzTarPerm modified mode [ 'src/bson.h', 420, 438 ]
164 silly gunzTarPerm extractEntry src/events.js.c
165 silly gunzTarPerm modified mode [ 'src/events.js.c', 420, 438 ]
166 silly gunzTarPerm extractEntry src/events.ls
167 silly gunzTarPerm modified mode [ 'src/events.ls', 420, 438 ]
168 silly gunzTarPerm extractEntry src/jslib.cc
169 silly gunzTarPerm modified mode [ 'src/jslib.cc', 420, 438 ]
170 silly gunzTarPerm extractEntry src/bson.cc
171 silly gunzTarPerm modified mode [ 'src/bson.cc', 420, 438 ]
172 silly gunzTarPerm extractEntry src/load.js.c
173 silly gunzTarPerm modified mode [ 'src/load.js.c', 420, 438 ]
174 silly gunzTarPerm extractEntry src/load.ls
175 silly gunzTarPerm modified mode [ 'src/load.ls', 420, 438 ]
176 silly gunzTarPerm extractEntry src/nan_isolate_data_accessor.h
177 silly gunzTarPerm modified mode [ 'src/nan_isolate_data_accessor.h', 420, 438 ]
178 silly gunzTarPerm extractEntry src/queues_a_gogo.cc
179 silly gunzTarPerm modified mode [ 'src/queues_a_gogo.cc', 420, 438 ]
180 silly gunzTarPerm extractEntry src/WebWorkerThreads.cc
181 silly gunzTarPerm modified mode [ 'src/WebWorkerThreads.cc', 420, 438 ]
182 silly gunzTarPerm extractEntry src/thread_nextTick.js.c
183 silly gunzTarPerm modified mode [ 'src/thread_nextTick.js.c', 420, 438 ]
184 silly gunzTarPerm extractEntry src/thread_nextTick.ls
185 silly gunzTarPerm modified mode [ 'src/thread_nextTick.ls', 420, 438 ]
186 silly gunzTarPerm extractEntry src/createPool.js.c
187 silly gunzTarPerm modified mode [ 'src/createPool.js.c', 420, 438 ]
188 silly gunzTarPerm extractEntry src/worker.js.c
189 silly gunzTarPerm modified mode [ 'src/worker.js.c', 420, 438 ]
190 silly gunzTarPerm extractEntry src/worker.ls
191 silly gunzTarPerm modified mode [ 'src/worker.ls', 420, 438 ]
192 silly gunzTarPerm extractEntry test/ab.js
193 silly gunzTarPerm modified mode [ 'test/ab.js', 420, 438 ]
194 silly gunzTarPerm extractEntry test/test11_multi_callbacks.js
195 silly gunzTarPerm modified mode [ 'test/test11_multi_callbacks.js', 420, 438 ]
196 silly gunzTarPerm extractEntry test/test12_precompiled_vs_normal.js
197 silly gunzTarPerm modified mode [ 'test/test12_precompiled_vs_normal.js', 420, 438 ]
198 silly gunzTarPerm extractEntry test/test13_thread_nextTick_speed.js
199 silly gunzTarPerm modified mode [ 'test/test13_thread_nextTick_speed.js', 420, 438 ]
200 silly gunzTarPerm extractEntry test/test10_node_nextTick_speed.js
201 silly gunzTarPerm modified mode [ 'test/test10_node_nextTick_speed.js', 420, 438 ]
202 silly gunzTarPerm extractEntry test/test15_emit_ping_pong.js
203 silly gunzTarPerm modified mode [ 'test/test15_emit_ping_pong.js', 420, 438 ]
204 silly gunzTarPerm extractEntry test/test16_syntax_error_in_the_thread.js
205 silly gunzTarPerm modified mode [ 'test/test16_syntax_error_in_the_thread.js', 420, 438 ]
206 silly gunzTarPerm extractEntry test/test17_pool_pi.js
207 silly gunzTarPerm modified mode [ 'test/test17_pool_pi.js', 420, 438 ]
208 silly gunzTarPerm extractEntry test/test18_pool_any_as_fast_as_possible.js
209 silly gunzTarPerm modified mode [ 'test/test18_pool_any_as_fast_as_possible.js', 420, 438 ]
210 silly gunzTarPerm extractEntry test/test19_pool_emit_any_all.js
211 silly gunzTarPerm modified mode [ 'test/test19_pool_emit_any_all.js', 420, 438 ]
212 silly gunzTarPerm extractEntry test/test09_throw_from_the_callback.js
213 silly gunzTarPerm modified mode [ 'test/test09_throw_from_the_callback.js', 420, 438 ]
214 silly gunzTarPerm extractEntry test/test20_removeAllListeners.js
215 silly gunzTarPerm modified mode [ 'test/test20_removeAllListeners.js', 420, 438 ]
216 silly gunzTarPerm extractEntry test/test08_sigkill_leaks.js
217 silly gunzTarPerm modified mode [ 'test/test08_sigkill_leaks.js', 420, 438 ]
218 silly gunzTarPerm extractEntry test/test21_emit_ping_pong_big_string.js
219 silly gunzTarPerm modified mode [ 'test/test21_emit_ping_pong_big_string.js', 420, 438 ]
220 silly gunzTarPerm extractEntry test/test07_sigkill.js
221 silly gunzTarPerm modified mode [ 'test/test07_sigkill.js', 420, 438 ]
222 silly gunzTarPerm extractEntry test/test22_create_destroy_loop.js
223 silly gunzTarPerm modified mode [ 'test/test22_create_destroy_loop.js', 420, 438 ]
224 silly gunzTarPerm extractEntry test/test06_throw_from_the_thread.js
225 silly gunzTarPerm modified mode [ 'test/test06_throw_from_the_thread.js', 420, 438 ]
226 silly gunzTarPerm extractEntry test/test23_create_destroy_loop.js
227 silly gunzTarPerm modified mode [ 'test/test23_create_destroy_loop.js', 420, 438 ]
228 silly gunzTarPerm extractEntry test/test05_debugLeaksNoCallbacks.js
229 silly gunzTarPerm modified mode [ 'test/test05_debugLeaksNoCallbacks.js', 420, 438 ]
230 silly gunzTarPerm extractEntry test/test24_puts.js
231 silly gunzTarPerm modified mode [ 'test/test24_puts.js', 420, 438 ]
232 silly gunzTarPerm extractEntry test/test04_gc_versus_not_gc.js
233 silly gunzTarPerm modified mode [ 'test/test04_gc_versus_not_gc.js', 420, 438 ]
234 silly gunzTarPerm extractEntry test/test25_delete_puts.js
235 silly gunzTarPerm modified mode [ 'test/test25_delete_puts.js', 420, 438 ]
236 silly gunzTarPerm extractEntry test/test03_infiniteLoopFunction.js
237 silly gunzTarPerm modified mode [ 'test/test03_infiniteLoopFunction.js', 420, 438 ]
238 silly gunzTarPerm extractEntry test/test26_puts_with_many_args.js
239 silly gunzTarPerm modified mode [ 'test/test26_puts_with_many_args.js', 420, 438 ]
240 silly gunzTarPerm extractEntry test/test02_loop_as_fast_as_possible.js
241 silly gunzTarPerm modified mode [ 'test/test02_loop_as_fast_as_possible.js', 420, 438 ]
242 silly gunzTarPerm extractEntry test/test27_puts_event_loop.js
243 silly gunzTarPerm modified mode [ 'test/test27_puts_event_loop.js', 420, 438 ]
244 silly gunzTarPerm extractEntry test/test01_loop_as_fast_as_possible.js
245 silly gunzTarPerm modified mode [ 'test/test01_loop_as_fast_as_possible.js', 420, 438 ]
246 silly gunzTarPerm extractEntry test/test28_puts_nextTick_loop.js
247 silly gunzTarPerm modified mode [ 'test/test28_puts_nextTick_loop.js', 420, 438 ]
248 silly gunzTarPerm extractEntry test/test00_run_once_and_destroy.js
249 silly gunzTarPerm modified mode [ 'test/test00_run_once_and_destroy.js', 420, 438 ]
250 silly gunzTarPerm extractEntry test/test29_puts_callback_loop.js
251 silly gunzTarPerm modified mode [ 'test/test29_puts_callback_loop.js', 420, 438 ]
252 silly gunzTarPerm extractEntry test/test14_emit_once.js
253 silly gunzTarPerm modified mode [ 'test/test14_emit_once.js', 420, 438 ]
254 silly gunzTarPerm extractEntry binding.gyp
255 silly gunzTarPerm modified mode [ 'binding.gyp', 420, 438 ]
256 info preinstall webworker-threads@0.5.5
257 silly prepareForInstallMany adding nan@1.6.x from webworker-threads dependencies
258 silly cache add args [ 'nan@1.6.x', null ]
259 verbose cache add spec nan@1.6.x
260 silly cache add parsed spec { raw: 'nan@1.6.x',
260 silly cache add   scope: null,
260 silly cache add   name: 'nan',
260 silly cache add   rawSpec: '1.6.x',
260 silly cache add   spec: '>=1.6.0 <1.7.0',
260 silly cache add   type: 'range' }
261 verbose addNamed nan@>=1.6.0 <1.7.0
262 silly addNamed semver.valid null
263 silly addNamed semver.validRange >=1.6.0 <1.7.0
264 silly addNameRange { name: 'nan', range: '>=1.6.0 <1.7.0', hasData: false }
265 silly mapToRegistry name nan
266 silly mapToRegistry using default registry
267 silly mapToRegistry registry https://registry.npmjs.org/
268 silly mapToRegistry uri https://registry.npmjs.org/nan
269 verbose addNameRange registry:https://registry.npmjs.org/nan not in flight; fetching
270 verbose request uri https://registry.npmjs.org/nan
271 verbose request no auth needed
272 info attempt registry request try #1 at 18:06:45
273 verbose etag "51SURNCGIENYFI8A9TJKVDMTW"
274 http request GET https://registry.npmjs.org/nan
275 http 304 https://registry.npmjs.org/nan
276 silly get cb [ 304,
276 silly get   { date: 'Wed, 04 Feb 2015 02:06:52 GMT',
276 silly get     server: 'Apache',
276 silly get     via: '1.1 varnish',
276 silly get     'last-modified': 'Wed, 04 Feb 2015 02:06:52 GMT',
276 silly get     'cache-control': 'max-age=60',
276 silly get     etag: '"51SURNCGIENYFI8A9TJKVDMTW"',
276 silly get     age: '4',
276 silly get     'x-served-by': 'cache-lax1421-LAX',
276 silly get     'x-cache': 'HIT',
276 silly get     'x-cache-hits': '1',
276 silly get     'x-timer': 'S1423015612.571778,VS0,VE1',
276 silly get     vary: 'Accept',
276 silly get     'content-length': '0',
276 silly get     'keep-alive': 'timeout=10, max=49',
276 silly get     connection: 'Keep-Alive' } ]
277 verbose etag https://registry.npmjs.org/nan from cache
278 verbose get saving nan to C:\Users\Alastair\AppData\Roaming\npm-cache\registry.npmjs.org\nan\.cache.json
279 silly addNameRange number 2 { name: 'nan', range: '>=1.6.0 <1.7.0', hasData: true }
280 silly addNameRange versions [ 'nan',
280 silly addNameRange   [ '0.3.0-wip',
280 silly addNameRange     '0.3.0-wip2',
280 silly addNameRange     '0.3.0',
280 silly addNameRange     '0.3.1',
280 silly addNameRange     '0.3.2',
280 silly addNameRange     '0.4.0',
280 silly addNameRange     '0.4.1',
280 silly addNameRange     '0.4.2',
280 silly addNameRange     '0.4.3',
280 silly addNameRange     '0.4.4',
280 silly addNameRange     '0.5.0',
280 silly addNameRange     '0.5.1',
280 silly addNameRange     '0.5.2',
280 silly addNameRange     '0.6.0',
280 silly addNameRange     '0.7.0',
280 silly addNameRange     '0.7.1',
280 silly addNameRange     '0.8.0',
280 silly addNameRange     '1.0.0',
280 silly addNameRange     '1.1.0',
280 silly addNameRange     '1.1.1',
280 silly addNameRange     '1.1.2',
280 silly addNameRange     '1.2.0',
280 silly addNameRange     '1.3.0',
280 silly addNameRange     '1.4.0',
280 silly addNameRange     '1.4.1',
280 silly addNameRange     '1.5.0',
280 silly addNameRange     '1.4.2',
280 silly addNameRange     '1.4.3',
280 silly addNameRange     '1.5.1',
280 silly addNameRange     '1.5.2',
280 silly addNameRange     '1.6.0',
280 silly addNameRange     '1.5.3',
280 silly addNameRange     '1.6.1' ] ]
281 verbose addNamed nan@1.6.1
282 silly addNamed semver.valid 1.6.1
283 silly addNamed semver.validRange 1.6.1
284 silly cache afterAdd nan@1.6.1
285 verbose afterAdd C:\Users\Alastair\AppData\Roaming\npm-cache\nan\1.6.1\package\package.json not in flight; writing
286 verbose afterAdd C:\Users\Alastair\AppData\Roaming\npm-cache\nan\1.6.1\package\package.json written
287 silly install resolved [ { name: 'nan',
287 silly install resolved     version: '1.6.1',
287 silly install resolved     description: 'Native Abstractions for Node.js: C++ header for Node 0.8->0.12 compatibility',
287 silly install resolved     main: 'include_dirs.js',
287 silly install resolved     repository: { type: 'git', url: 'git://github.com/rvagg/nan.git' },
287 silly install resolved     scripts:
287 silly install resolved      { test: 'tap --gc test/js/*-test.js',
287 silly install resolved        'rebuild-tests': 'node-gyp rebuild --directory test' },
287 silly install resolved     contributors:
287 silly install resolved      [ [Object],
287 silly install resolved        [Object],
287 silly install resolved        [Object],
287 silly install resolved        [Object],
287 silly install resolved        [Object],
287 silly install resolved        [Object],
287 silly install resolved        [Object] ],
287 silly install resolved     devDependencies:
287 silly install resolved      { bindings: '~1.2.1',
287 silly install resolved        'node-gyp': '~1.0.2',
287 silly install resolved        tap: '~0.5.0',
287 silly install resolved        xtend: '~4.0.0' },
287 silly install resolved     license: 'MIT',
287 silly install resolved     gitHead: '87c127bba328c8229f2e8e3875b19422888abe5f',
287 silly install resolved     bugs: { url: 'https://github.com/rvagg/nan/issues' },
287 silly install resolved     homepage: 'https://github.com/rvagg/nan',
287 silly install resolved     _id: 'nan@1.6.1',
287 silly install resolved     _shasum: '69bc50b2d727f3df01145a963f7d2e4da5ff9184',
287 silly install resolved     _from: 'nan@>=1.6.0 <1.7.0',
287 silly install resolved     _npmVersion: '2.1.18',
287 silly install resolved     _nodeVersion: '1.0.3',
287 silly install resolved     _npmUser: { name: 'rvagg', email: 'rod@vagg.org' },
287 silly install resolved     maintainers: [ [Object], [Object] ],
287 silly install resolved     dist:
287 silly install resolved      { shasum: '69bc50b2d727f3df01145a963f7d2e4da5ff9184',
287 silly install resolved        tarball: 'http://registry.npmjs.org/nan/-/nan-1.6.1.tgz' },
287 silly install resolved     directories: {},
287 silly install resolved     _resolved: 'https://registry.npmjs.org/nan/-/nan-1.6.1.tgz',
287 silly install resolved     readme: 'ERROR: No README data found!' } ]
288 info install nan@1.6.1 into C:\Users\Alastair\Desktop\nwjs-v0.12.0-alpha2-win-x64\node_modules\webworker-threads
289 info installOne nan@1.6.1
290 verbose installOne of nan to C:\Users\Alastair\Desktop\nwjs-v0.12.0-alpha2-win-x64\node_modules\webworker-threads not in flight; installing
291 verbose lock using C:\Users\Alastair\AppData\Roaming\npm-cache\_locks\nan-15adf9d31bb21268.lock for C:\Users\Alastair\Desktop\nwjs-v0.12.0-alpha2-win-x64\node_modules\webworker-threads\node_modules\nan
292 silly install write writing nan 1.6.1 to C:\Users\Alastair\Desktop\nwjs-v0.12.0-alpha2-win-x64\node_modules\webworker-threads\node_modules\nan
293 silly cache addNamed cb nan@1.6.1
294 verbose unbuild node_modules\webworker-threads\node_modules\nan
295 verbose gentlyRm vacuuming C:\Users\Alastair\Desktop\nwjs-v0.12.0-alpha2-win-x64\node_modules\webworker-threads\node_modules\nan
296 verbose tar unpack C:\Users\Alastair\AppData\Roaming\npm-cache\nan\1.6.1\package.tgz
297 verbose tar unpacking to C:\Users\Alastair\Desktop\nwjs-v0.12.0-alpha2-win-x64\node_modules\webworker-threads\node_modules\nan
298 verbose gentlyRm vacuuming C:\Users\Alastair\Desktop\nwjs-v0.12.0-alpha2-win-x64\node_modules\webworker-threads\node_modules\nan
299 silly gunzTarPerm modes [ '777', '666' ]
300 silly gunzTarPerm extractEntry package.json
301 silly gunzTarPerm modified mode [ 'package.json', 436, 438 ]
302 silly gunzTarPerm extractEntry README.md
303 silly gunzTarPerm modified mode [ 'README.md', 436, 438 ]
304 silly gunzTarPerm extractEntry include_dirs.js
305 silly gunzTarPerm modified mode [ 'include_dirs.js', 420, 438 ]
306 silly gunzTarPerm extractEntry LICENSE.md
307 silly gunzTarPerm modified mode [ 'LICENSE.md', 436, 438 ]
308 silly gunzTarPerm extractEntry .dntrc
309 silly gunzTarPerm modified mode [ '.dntrc', 436, 438 ]
310 silly gunzTarPerm extractEntry appveyor.yml
311 silly gunzTarPerm modified mode [ 'appveyor.yml', 436, 438 ]
312 silly gunzTarPerm extractEntry nan.h
313 silly gunzTarPerm modified mode [ 'nan.h', 436, 438 ]
314 silly gunzTarPerm extractEntry nan_implementation_12_inl.h
315 silly gunzTarPerm modified mode [ 'nan_implementation_12_inl.h', 436, 438 ]
316 silly gunzTarPerm extractEntry nan_implementation_pre_12_inl.h
317 silly gunzTarPerm modified mode [ 'nan_implementation_pre_12_inl.h', 436, 438 ]
318 silly gunzTarPerm extractEntry nan_new.h
319 silly gunzTarPerm modified mode [ 'nan_new.h', 436, 438 ]
320 silly gunzTarPerm extractEntry CHANGELOG.md
321 silly gunzTarPerm modified mode [ 'CHANGELOG.md', 436, 438 ]
322 info preinstall nan@1.6.1
323 silly install resolved []
324 verbose about to build C:\Users\Alastair\Desktop\nwjs-v0.12.0-alpha2-win-x64\node_modules\webworker-threads\node_modules\nan
325 info build C:\Users\Alastair\Desktop\nwjs-v0.12.0-alpha2-win-x64\node_modules\webworker-threads\node_modules\nan
326 verbose linkStuff [ false,
326 verbose linkStuff   false,
326 verbose linkStuff   false,
326 verbose linkStuff   'C:\\Users\\Alastair\\Desktop\\nwjs-v0.12.0-alpha2-win-x64\\node_modules\\webworker-threads\\node_modules' ]
327 info linkStuff nan@1.6.1
328 verbose linkBins nan@1.6.1
329 verbose linkMans nan@1.6.1
330 verbose rebuildBundles nan@1.6.1
331 info install nan@1.6.1
332 info postinstall nan@1.6.1
333 verbose unlock done using C:\Users\Alastair\AppData\Roaming\npm-cache\_locks\nan-15adf9d31bb21268.lock for C:\Users\Alastair\Desktop\nwjs-v0.12.0-alpha2-win-x64\node_modules\webworker-threads\node_modules\nan
334 verbose about to build C:\Users\Alastair\Desktop\nwjs-v0.12.0-alpha2-win-x64\node_modules\webworker-threads
335 info build C:\Users\Alastair\Desktop\nwjs-v0.12.0-alpha2-win-x64\node_modules\webworker-threads
336 verbose linkStuff [ false,
336 verbose linkStuff   false,
336 verbose linkStuff   false,
336 verbose linkStuff   'C:\\Users\\Alastair\\Desktop\\nwjs-v0.12.0-alpha2-win-x64\\node_modules' ]
337 info linkStuff webworker-threads@0.5.5
338 verbose linkBins webworker-threads@0.5.5
339 verbose linkMans webworker-threads@0.5.5
340 verbose rebuildBundles webworker-threads@0.5.5
341 verbose rebuildBundles [ 'nan' ]
342 info install webworker-threads@0.5.5
343 verbose unsafe-perm in lifecycle true
344 info webworker-threads@0.5.5 Failed to exec install script
345 verbose unlock done using C:\Users\Alastair\AppData\Roaming\npm-cache\_locks\webworker-threads-2bec831fe649c9b5.lock for C:\Users\Alastair\Desktop\nwjs-v0.12.0-alpha2-win-x64\node_modules\webworker-threads
346 verbose stack Error: webworker-threads@0.5.5 install: `node-gyp rebuild`
346 verbose stack Exit status 1
346 verbose stack     at EventEmitter.<anonymous> (C:\Program Files\iojs\node_modules\npm\lib\utils\lifecycle.js:213:16)
346 verbose stack     at EventEmitter.emit (events.js:100:17)
346 verbose stack     at ChildProcess.<anonymous> (C:\Program Files\iojs\node_modules\npm\lib\utils\spawn.js:14:12)
346 verbose stack     at ChildProcess.emit (events.js:100:17)
346 verbose stack     at maybeClose (child_process.js:981:16)
346 verbose stack     at Process.ChildProcess._handle.onexit (child_process.js:1053:5)
347 verbose pkgid webworker-threads@0.5.5
348 verbose cwd C:\Users\Alastair\Desktop\nwjs-v0.12.0-alpha2-win-x64
349 error Windows_NT 6.3.9600
350 error argv "C:\\Program Files\\iojs\\\\node.exe" "C:\\Program Files\\iojs\\node_modules\\npm\\bin\\npm-cli.js" "install" "webworker-threads" "-msvs_version=2013"
351 error node v1.1.0
352 error npm  v2.4.1
353 error code ELIFECYCLE
354 error webworker-threads@0.5.5 install: `node-gyp rebuild`
354 error Exit status 1
355 error Failed at the webworker-threads@0.5.5 install script 'node-gyp rebuild'.
355 error This is most likely a problem with the webworker-threads package,
355 error not with npm itself.
355 error Tell the author that this fails on your system:
355 error     node-gyp rebuild
355 error You can get their info via:
355 error     npm owner ls webworker-threads
355 error There is likely additional logging output above.
356 verbose exit [ 1, true ]
357 verbose unbuild node_modules\webworker-threads
358 info preuninstall webworker-threads@0.5.5
359 info uninstall webworker-threads@0.5.5
360 verbose unbuild rmStuff webworker-threads@0.5.5 from C:\Users\Alastair\Desktop\nwjs-v0.12.0-alpha2-win-x64\node_modules
361 info postuninstall webworker-threads@0.5.5
362 verbose gentlyRm vacuuming C:\Users\Alastair\Desktop\nwjs-v0.12.0-alpha2-win-x64\node_modules\webworker-threads
363 silly gentlyRm purging C:\Users\Alastair\Desktop\nwjs-v0.12.0-alpha2-win-x64\node_modules\webworker-threads
364 silly gentlyRm removing C:\Users\Alastair\Desktop\nwjs-v0.12.0-alpha2-win-x64\node_modules
365 silly gentlyRm finished vacuuming up to C:\Users\Alastair\Desktop\nwjs-v0.12.0-alpha2-win-x64
